android/app/build/outputs/logs/manifest-merger-debug-report.txt
-- Merging decision tree log ---
manifest
ADDED from src\main\AndroidManifest.xml:1:1-32:12
INJECTED from src\main\AndroidManifest.xml:1:1-32:12
INJECTED from src\main\AndroidManifest.xml:1:1-32:12
INJECTED from src\main\AndroidManifest.xml:1:1-32:12
MERGED from src\main\AndroidManifest.xml:1:1-32:12
MERGED from [:image_picker] AndroidManifest.xml:2:1-19:12
MERGED from [:flutter_plugin_android_lifecycle] AndroidManifest.xml:2:1-7:12
MERGED from [:shared_preferences] AndroidManifest.xml:2:1-7:12
MERGED from [:sqflite] AndroidManifest.xml:2:1-7:12
MERGED from [:path_provider_android] AndroidManifest.xml:2:1-7:12
MERGED from [:advance_pdf_viewer] AndroidManifest.xml:2:1-7:12
MERGED from [androidx.exifinterface:exifinterface:1.3.0] AndroidManifest.xml:17:1-24:12
MERGED from [androidx.fragment:fragment:1.1.0] AndroidManifest.xml:17:1-24:12
MERGED from [androidx.viewpager:viewpager:1.0.0] AndroidManifest.xml:17:1-22:12
MERGED from [androidx.loader:loader:1.0.0] AndroidManifest.xml:17:1-22:12
MERGED from [androidx.activity:activity:1.0.0] AndroidManifest.xml:17:1-24:12
MERGED from [androidx.customview:customview:1.0.0] AndroidManifest.xml:17:1-22:12
MERGED from [androidx.core:core:1.1.0] AndroidManifest.xml:17:1-26:12
MERGED from [androidx.lifecycle:lifecycle-runtime:2.2.0] AndroidManifest.xml:17:1-24:12
MERGED from [androidx.savedstate:savedstate:1.0.0] AndroidManifest.xml:17:1-24:12
MERGED from [androidx.lifecycle:lifecycle-livedata:2.0.0] AndroidManifest.xml:17:1-22:12
MERGED from [androidx.lifecycle:lifecycle-livedata-core:2.0.0] AndroidManifest.xml:17:1-22:12
MERGED from [androidx.arch.core:core-runtime:2.0.0] AndroidManifest.xml:17:1-22:12
MERGED from [androidx.versionedparcelable:versionedparcelable:1.1.0] AndroidManifest.xml:17:1-27:12
MERGED from [androidx.lifecycle:lifecycle-viewmodel:2.1.0] AndroidManifest.xml:17:1-22:12
INJECTED from src\debug\AndroidManifest.xml:1:1-8:12
INJECTED from src\debug\AndroidManifest.xml:1:1-8:12
INJECTED from src\debug\AndroidManifest.xml:1:1-8:12
	package
		ADDED from src\main\AndroidManifest.xml:1:70-97
		INJECTED from src\main\AndroidManifest.xml
		INJECTED from src\debug\AndroidManifest.xml
	android:versionName
		INJECTED from src\main\AndroidManifest.xml
		ADDED from src\main\AndroidManifest.xml:1:1-32:12
		INJECTED from src\debug\AndroidManifest.xml
	android:versionCode
		INJECTED from src\main\AndroidManifest.xml
		ADDED from src\main\AndroidManifest.xml:1:1-32:12
		INJECTED from src\debug\AndroidManifest.xml
	xmlns:android
		ADDED from src\main\AndroidManifest.xml:1:11-69
uses-permission#android.permission.INTERNET
ADDED from src\main\AndroidManifest.xml:2:3-64
MERGED from src\main\AndroidManifest.xml:2:3-64
MERGED from src\main\AndroidManifest.xml:2:3-64
	android:name
		ADDED from src\main\AndroidManifest.xml:2:20-62
application
ADDED from src\main\AndroidManifest.xml:3:3-31:17
MERGED from src\main\AndroidManifest.xml:3:3-31:17
MERGED from src\main\AndroidManifest.xml:3:3-31:17
MERGED from [:image_picker] AndroidManifest.xml:7:5-17:19
MERGED from [:image_picker] AndroidManifest.xml:7:5-17:19
MERGED from [androidx.core:core:1.1.0] AndroidManifest.xml:24:5-89
MERGED from [androidx.core:core:1.1.0] AndroidManifest.xml:24:5-89
MERGED from [androidx.versionedparcelable:versionedparcelable:1.1.0] AndroidManifest.xml:24:5-25:19
MERGED from [androidx.versionedparcelable:versionedparcelable:1.1.0] AndroidManifest.xml:24:5-25:19
	android:appComponentFactory
		ADDED from [androidx.core:core:1.1.0] AndroidManifest.xml:24:18-86
	android:label
		ADDED from src\main\AndroidManifest.xml:5:3-22
		ADDED from src\main\AndroidManifest.xml:5:3-22
	android:icon
		ADDED from src\main\AndroidManifest.xml:5:23-59
		ADDED from src\main\AndroidManifest.xml:5:23-59
	android:usesCleartextTraffic
		ADDED from src\main\AndroidManifest.xml:4:3-38
meta-data#io.flutter.network-policy
ADDED from src\main\AndroidManifest.xml:7:3-8:58
	android:resource
		ADDED from src\main\AndroidManifest.xml:8:9-56
	android:name
		ADDED from src\main\AndroidManifest.xml:7:14-54
activity#co.th.gotowin.gtw.MainActivity
ADDED from src\main\AndroidManifest.xml:11:5-27:16
	android:launchMode
		ADDED from src\main\AndroidManifest.xml:11:44-74
	android:hardwareAccelerated
		ADDED from src\main\AndroidManifest.xml:11:261-295
	android:windowSoftInputMode
		ADDED from src\main\AndroidManifest.xml:11:296-338
	android:configChanges
		ADDED from src\main\AndroidManifest.xml:11:110-260
	android:theme
		ADDED from src\main\AndroidManifest.xml:11:75-109
	android:name
		ADDED from src\main\AndroidManifest.xml:11:15-43
meta-data#io.flutter.embedding.android.NormalTheme
ADDED from src\main\AndroidManifest.xml:16:7-114
	android:resource
		ADDED from src\main\AndroidManifest.xml:16:74-111
	android:name
		ADDED from src\main\AndroidManifest.xml:16:18-73
meta-data#io.flutter.embedding.android.SplashScreenDrawable
ADDED from src\main\AndroidManifest.xml:22:7-132
	android:resource
		ADDED from src\main\AndroidManifest.xml:22:83-129
	android:name
		ADDED from src\main\AndroidManifest.xml:22:18-82
intent-filter#action:name:android.intent.action.MAIN+category:name:android.intent.category.LAUNCHER
ADDED from src\main\AndroidManifest.xml:23:7-26:23
action#android.intent.action.MAIN
ADDED from src\main\AndroidManifest.xml:24:9-60
	android:name
		ADDED from src\main\AndroidManifest.xml:24:17-58
category#android.intent.category.LAUNCHER
ADDED from src\main\AndroidManifest.xml:25:9-68
	android:name
		ADDED from src\main\AndroidManifest.xml:25:19-66
meta-data#flutterEmbedding
ADDED from src\main\AndroidManifest.xml:30:5-68
	android:value
		ADDED from src\main\AndroidManifest.xml:30:48-65
	android:name
		ADDED from src\main\AndroidManifest.xml:30:16-47
uses-sdk
INJECTED from src\main\AndroidManifest.xml reason: use-sdk injection requested
INJECTED from src\main\AndroidManifest.xml
INJECTED from src\main\AndroidManifest.xml
MERGED from [:image_picker] AndroidManifest.xml:5:5-44
MERGED from [:image_picker] AndroidManifest.xml:5:5-44
MERGED from [:flutter_plugin_android_lifecycle] AndroidManifest.xml:5:5-44
MERGED from [:flutter_plugin_android_lifecycle] AndroidManifest.xml:5:5-44
MERGED from [:shared_preferences] AndroidManifest.xml:5:5-44
MERGED from [:shared_preferences] AndroidManifest.xml:5:5-44
MERGED from [:sqflite] AndroidManifest.xml:5:5-44
MERGED from [:sqflite] AndroidManifest.xml:5:5-44
MERGED from [:path_provider_android] AndroidManifest.xml:5:5-44
MERGED from [:path_provider_android] AndroidManifest.xml:5:5-44
MERGED from [:advance_pdf_viewer] AndroidManifest.xml:5:5-44
MERGED from [:advance_pdf_viewer] AndroidManifest.xml:5:5-44
MERGED from [androidx.exifinterface:exifinterface:1.3.0] AndroidManifest.xml:20:5-22:41
MERGED from [androidx.exifinterface:exifinterface:1.3.0] AndroidManifest.xml:20:5-22:41
MERGED from [androidx.fragment:fragment:1.1.0] AndroidManifest.xml:20:5-22:41
MERGED from [androidx.fragment:fragment:1.1.0] AndroidManifest.xml:20:5-22:41
MERGED from [androidx.viewpager:viewpager:1.0.0] AndroidManifest.xml:20:5-44
MERGED from [androidx.viewpager:viewpager:1.0.0] AndroidManifest.xml:20:5-44
MERGED from [androidx.loader:loader:1.0.0] AndroidManifest.xml:20:5-44
MERGED from [androidx.loader:loader:1.0.0] AndroidManifest.xml:20:5-44
MERGED from [androidx.activity:activity:1.0.0] AndroidManifest.xml:20:5-22:41
MERGED from [androidx.activity:activity:1.0.0] AndroidManifest.xml:20:5-22:41
MERGED from [androidx.customview:customview:1.0.0] AndroidManifest.xml:20:5-44
MERGED from [androidx.customview:customview:1.0.0] AndroidManifest.xml:20:5-44
MERGED from [androidx.core:core:1.1.0] AndroidManifest.xml:20:5-22:41
MERGED from [androidx.core:core:1.1.0] AndroidManifest.xml:20:5-22:41
MERGED from [androidx.lifecycle:lifecycle-runtime:2.2.0] AndroidManifest.xml:20:5-22:41
MERGED from [androidx.lifecycle:lifecycle-runtime:2.2.0] AndroidManifest.xml:20:5-22:41
MERGED from [androidx.savedstate:savedstate:1.0.0] AndroidManifest.xml:20:5-22:41
MERGED from [androidx.savedstate:savedstate:1.0.0] AndroidManifest.xml:20:5-22:41
MERGED from [androidx.lifecycle:lifecycle-livedata:2.0.0] AndroidManifest.xml:20:5-44
MERGED from [androidx.lifecycle:lifecycle-livedata:2.0.0] AndroidManifest.xml:20:5-44
MERGED from [androidx.lifecycle:lifecycle-livedata-core:2.0.0] AndroidManifest.xml:20:5-44
MERGED from [androidx.lifecycle:lifecycle-livedata-core:2.0.0] AndroidManifest.xml:20:5-44
MERGED from [androidx.arch.core:core-runtime:2.0.0] AndroidManifest.xml:20:5-44
MERGED from [androidx.arch.core:core-runtime:2.0.0] AndroidManifest.xml:20:5-44
MERGED from [androidx.versionedparcelable:versionedparcelable:1.1.0] AndroidManifest.xml:20:5-22:41
MERGED from [androidx.versionedparcelable:versionedparcelable:1.1.0] AndroidManifest.xml:20:5-22:41
MERGED from [androidx.lifecycle:lifecycle-viewmodel:2.1.0] AndroidManifest.xml:20:5-44
MERGED from [androidx.lifecycle:lifecycle-viewmodel:2.1.0] AndroidManifest.xml:20:5-44
INJECTED from src\debug\AndroidManifest.xml
INJECTED from src\debug\AndroidManifest.xml
	android:targetSdkVersion
		INJECTED from src\main\AndroidManifest.xml
		INJECTED from src\debug\AndroidManifest.xml
	android:minSdkVersion
		INJECTED from src\main\AndroidManifest.xml
		INJECTED from src\debug\AndroidManifest.xml
provider#io.flutter.plugins.imagepicker.ImagePickerFileProvider
ADDED from [:image_picker] AndroidManifest.xml:8:9-16:20
	android:grantUriPermissions
		ADDED from [:image_picker] AndroidManifest.xml:12:13-47
	android:authorities
		ADDED from [:image_picker] AndroidManifest.xml:10:13-74
	android:exported
		ADDED from [:image_picker] AndroidManifest.xml:11:13-37
	android:name
		ADDED from [:image_picker] AndroidManifest.xml:9:13-82
meta-data#android.support.FILE_PROVIDER_PATHS
ADDED from [:image_picker] AndroidManifest.xml:13:13-15:75
	android:resource
		ADDED from [:image_picker] AndroidManifest.xml:15:17-72
	android:name
		ADDED from [:image_picker] AndroidManifest.xml:14:17-67